SF:lib/src/logic/trent.dart
DA:9,1
DA:10,1
DA:11,1
DA:13,2
DA:31,2
DA:34,0
DA:37,0
DA:40,0
DA:43,0
DA:44,0
DA:50,0
DA:51,0
DA:52,0
DA:58,0
DA:59,0
DA:60,0
DA:62,0
DA:69,0
DA:70,0
DA:74,0
DA:76,0
DA:77,0
DA:82,0
DA:83,0
DA:93,0
DA:94,0
DA:95,0
DA:96,0
DA:102,0
DA:103,0
DA:107,0
DA:108,0
DA:109,0
DA:113,1
DA:114,4
DA:115,1
DA:121,1
LF:37
LH:9
end_of_record
SF:lib/src/logic/subtype_mapper.dart
DA:7,0
DA:10,0
DA:11,0
DA:12,0
DA:15,0
DA:19,0
DA:20,0
DA:21,0
DA:22,0
LF:9
LH:0
end_of_record
SF:lib/src/types/option.dart
DA:7,1
DA:8,1
DA:9,0
DA:14,0
DA:19,0
DA:22,0
DA:27,0
DA:28,0
DA:29,0
DA:31,0
DA:38,0
DA:39,0
DA:40,0
DA:42,0
LF:14
LH:2
end_of_record
SF:lib/src/logic/trent_manager.dart
DA:5,3
DA:11,1
DA:14,1
DA:15,2
DA:16,1
DA:17,2
DA:18,1
DA:19,1
DA:20,0
DA:26,0
DA:27,0
DA:28,0
DA:34,1
DA:35,1
DA:36,2
LF:15
LH:11
end_of_record
SF:lib/src/widgets/alerter.dart
DA:9,0
DA:18,0
DA:20,0
DA:23,0
DA:25,0
DA:26,0
DA:27,0
DA:28,0
DA:29,0
DA:31,0
DA:32,0
DA:36,0
DA:48,0
DA:49,0
DA:53,0
DA:54,0
DA:58,0
DA:59,0
DA:61,0
DA:68,0
DA:69,0
LF:21
LH:0
end_of_record
SF:lib/src/widgets/digester.dart
DA:8,0
DA:16,0
DA:18,0
DA:21,0
DA:23,0
DA:24,0
DA:25,0
DA:26,0
DA:28,0
DA:31,0
DA:42,0
DA:43,0
DA:46,0
DA:47,0
DA:50,0
DA:51,0
DA:53,0
DA:55,0
DA:56,0
LF:19
LH:0
end_of_record
